execve("target/debug/toy-tcpip-rs", ["target/debug/toy-tcpip-rs"], 0xffffc2ec6e80 /* 23 vars */) = 0
brk(NULL)                               = 0xc283e9df1000
mmap(NULL, 8192, PROT_READ|PROT_WRITE, MAP_PRIVATE|MAP_ANONYMOUS, -1, 0) = 0xe08588f13000
faccessat(AT_FDCWD, "/etc/ld.so.preload", R_OK) = -1 ENOENT (No such file or directory)
openat(AT_FDCWD, "/etc/ld.so.cache", O_RDONLY|O_CLOEXEC) = 3
fstat(3, {st_mode=S_IFREG|0644, st_size=23703, ...}) = 0
mmap(NULL, 23703, PROT_READ, MAP_PRIVATE, 3, 0) = 0xe08588f0d000
close(3)                                = 0
openat(AT_FDCWD, "/lib/aarch64-linux-gnu/libgcc_s.so.1", O_RDONLY|O_CLOEXEC) = 3
read(3, "\177ELF\2\1\1\0\0\0\0\0\0\0\0\0\3\0\267\0\1\0\0\0\0\0\0\0\0\0\0\0"..., 832) = 832
fstat(3, {st_mode=S_IFREG|0644, st_size=133696, ...}) = 0
mmap(NULL, 263104, PROT_NONE, MAP_PRIVATE|MAP_ANONYMOUS|MAP_DENYWRITE, -1, 0) = 0xe08588e99000
mmap(0xe08588ea0000, 197568, PROT_READ|PROT_EXEC, MAP_PRIVATE|MAP_FIXED|MAP_DENYWRITE, 3, 0) = 0xe08588ea0000
munmap(0xe08588e99000, 28672)           = 0
munmap(0xe08588ed1000, 33728)           = 0
mprotect(0xe08588ebf000, 65536, PROT_NONE) = 0
mmap(0xe08588ecf000, 8192, PROT_READ|PROT_WRITE, MAP_PRIVATE|MAP_FIXED|MAP_DENYWRITE, 3, 0x1f000) = 0xe08588ecf000
close(3)                                = 0
openat(AT_FDCWD, "/lib/aarch64-linux-gnu/libc.so.6", O_RDONLY|O_CLOEXEC) = 3
read(3, "\177ELF\2\1\1\3\0\0\0\0\0\0\0\0\3\0\267\0\1\0\0\0\360\206\2\0\0\0\0\0"..., 832) = 832
fstat(3, {st_mode=S_IFREG|0755, st_size=1722920, ...}) = 0
mmap(NULL, 1892240, PROT_NONE, MAP_PRIVATE|MAP_ANONYMOUS|MAP_DENYWRITE, -1, 0) = 0xe08588cd2000
mmap(0xe08588ce0000, 1826704, PROT_READ|PROT_EXEC, MAP_PRIVATE|MAP_FIXED|MAP_DENYWRITE, 3, 0) = 0xe08588ce0000
munmap(0xe08588cd2000, 57344)           = 0
munmap(0xe08588e9e000, 8080)            = 0
mprotect(0xe08588e7a000, 77824, PROT_NONE) = 0
mmap(0xe08588e8d000, 20480, PROT_READ|PROT_WRITE, MAP_PRIVATE|MAP_FIXED|MAP_DENYWRITE, 3, 0x19d000) = 0xe08588e8d000
mmap(0xe08588e92000, 49040, PROT_READ|PROT_WRITE, MAP_PRIVATE|MAP_FIXED|MAP_ANONYMOUS, -1, 0) = 0xe08588e92000
close(3)                                = 0
mmap(NULL, 8192, PROT_READ|PROT_WRITE, MAP_PRIVATE|MAP_ANONYMOUS, -1, 0) = 0xe08588f0b000
set_tid_address(0xe08588f0b0f0)         = 7140
set_robust_list(0xe08588f0b100, 24)     = 0
rseq(0xe08588f0b740, 0x20, 0, 0xd428bc00) = 0
mprotect(0xe08588e8d000, 12288, PROT_READ) = 0
mprotect(0xe08588ecf000, 4096, PROT_READ) = 0
mprotect(0xc283ba45d000, 12288, PROT_READ) = 0
mprotect(0xe08588f18000, 8192, PROT_READ) = 0
prlimit64(0, RLIMIT_STACK, NULL, {rlim_cur=8192*1024, rlim_max=RLIM64_INFINITY}) = 0
munmap(0xe08588f0d000, 23703)           = 0
ppoll([{fd=0, events=0}, {fd=1, events=0}, {fd=2, events=0}], 3, {tv_sec=0, tv_nsec=0}, NULL, 0) = 0 (Timeout)
rt_sigaction(SIGPIPE, {sa_handler=SIG_IGN, sa_mask=[PIPE], sa_flags=SA_RESTART}, {sa_handler=SIG_DFL, sa_mask=[], sa_flags=0}, 8) = 0
getrandom("\x23\xf1\xac\x7f\x02\xe3\x68\xee", 8, GRND_NONBLOCK) = 8
brk(NULL)                               = 0xc283e9df1000
brk(0xc283e9e12000)                     = 0xc283e9e12000
openat(AT_FDCWD, "/proc/self/maps", O_RDONLY|O_CLOEXEC) = 3
prlimit64(0, RLIMIT_STACK, NULL, {rlim_cur=8192*1024, rlim_max=RLIM64_INFINITY}) = 0
fstat(3, {st_mode=S_IFREG|0444, st_size=0, ...}) = 0
read(3, "c283ba400000-c283ba44d000 r-xp 0"..., 1024) = 1024
read(3, "/lib/aarch64-linux-gnu/libgcc_s."..., 1024) = 1024
read(3, "7000 rw-p 00000000 00:00 0      "..., 1024) = 60
close(3)                                = 0
sched_getaffinity(7140, 32, [0 1 2 3])  = 8
rt_sigaction(SIGSEGV, NULL, {sa_handler=SIG_DFL, sa_mask=[], sa_flags=0}, 8) = 0
sigaltstack(NULL, {ss_sp=NULL, ss_flags=SS_DISABLE, ss_size=0}) = 0
mmap(NULL, 20480, PROT_READ|PROT_WRITE, MAP_PRIVATE|MAP_ANONYMOUS|MAP_STACK, -1, 0) = 0xe08588f0e000
mprotect(0xe08588f0e000, 4096, PROT_NONE) = 0
sigaltstack({ss_sp=0xe08588f0f000, ss_flags=0, ss_size=16384}, NULL) = 0
rt_sigaction(SIGSEGV, {sa_handler=0xc283ba424c3c, sa_mask=[], sa_flags=SA_ONSTACK|SA_SIGINFO}, NULL, 8) = 0
rt_sigaction(SIGBUS, NULL, {sa_handler=SIG_DFL, sa_mask=[], sa_flags=0}, 8) = 0
rt_sigaction(SIGBUS, {sa_handler=0xc283ba424c3c, sa_mask=[], sa_flags=SA_ONSTACK|SA_SIGINFO}, NULL, 8) = 0
write(1, "Hello, world!\n", 14)         = 14
sigaltstack({ss_sp=NULL, ss_flags=SS_DISABLE, ss_size=16384}, NULL) = 0
munmap(0xe08588f0e000, 20480)           = 0
exit_group(0)                           = ?
+++ exited with 0 +++
