execve("./a.out", ["./a.out"], 0xfffffe4f3990 /* 32 vars */) = 0
brk(NULL)                               = 0xc95f7acd4000
mmap(NULL, 8192, PROT_READ|PROT_WRITE, MAP_PRIVATE|MAP_ANONYMOUS, -1, 0) = 0xe041463b5000
faccessat(AT_FDCWD, "/etc/ld.so.preload", R_OK) = -1 ENOENT (No such file or directory)
openat(AT_FDCWD, "/etc/ld.so.cache", O_RDONLY|O_CLOEXEC) = 3
fstat(3, {st_mode=S_IFREG|0644, st_size=23783, ...}) = 0
mmap(NULL, 23783, PROT_READ, MAP_PRIVATE, 3, 0) = 0xe041463af000
close(3)                                = 0
openat(AT_FDCWD, "/lib/aarch64-linux-gnu/libc.so.6", O_RDONLY|O_CLOEXEC) = 3
read(3, "\177ELF\2\1\1\3\0\0\0\0\0\0\0\0\3\0\267\0\1\0\0\0\360\206\2\0\0\0\0\0"..., 832) = 832
fstat(3, {st_mode=S_IFREG|0755, st_size=1722920, ...}) = 0
mmap(NULL, 1892240, PROT_NONE, MAP_PRIVATE|MAP_ANONYMOUS|MAP_DENYWRITE, -1, 0) = 0xe041461ae000
mmap(0xe041461b0000, 1826704, PROT_READ|PROT_EXEC, MAP_PRIVATE|MAP_FIXED|MAP_DENYWRITE, 3, 0) = 0xe041461b0000
munmap(0xe041461ae000, 8192)            = 0
munmap(0xe0414636e000, 57232)           = 0
mprotect(0xe0414634a000, 77824, PROT_NONE) = 0
mmap(0xe0414635d000, 20480, PROT_READ|PROT_WRITE, MAP_PRIVATE|MAP_FIXED|MAP_DENYWRITE, 3, 0x19d000) = 0xe0414635d000
mmap(0xe04146362000, 49040, PROT_READ|PROT_WRITE, MAP_PRIVATE|MAP_FIXED|MAP_ANONYMOUS, -1, 0) = 0xe04146362000
close(3)                                = 0
set_tid_address(0xe041463b5fb0)         = 26240
set_robust_list(0xe041463b5fc0, 24)     = 0
rseq(0xe041463b6600, 0x20, 0, 0xd428bc00) = 0
mprotect(0xe0414635d000, 12288, PROT_READ) = 0
mprotect(0xc95f6e92f000, 4096, PROT_READ) = 0
mprotect(0xe041463ba000, 8192, PROT_READ) = 0
prlimit64(0, RLIMIT_STACK, NULL, {rlim_cur=8192*1024, rlim_max=RLIM64_INFINITY}) = 0
munmap(0xe041463af000, 23783)           = 0
fstat(1, {st_mode=S_IFCHR|0620, st_rdev=makedev(0x88, 0x1), ...}) = 0
getrandom("\xb8\x94\xde\xf6\xe7\x30\x8c\x98", 8, GRND_NONBLOCK) = 8
brk(NULL)                               = 0xc95f7acd4000
brk(0xc95f7acf5000)                     = 0xc95f7acf5000
write(1, "Start creating sockets...\n", 26) = 26
socket(AF_INET, SOCK_STREAM, IPPROTO_IP) = 3
write(1, "socket fd0 = 3\n", 15)        = 15
socket(AF_INET, SOCK_STREAM, IPPROTO_IP) = 4
write(1, "socket fd1 = 4\n", 15)        = 15
close(3)                                = 0
close(4)                                = 0
write(1, "All sockets closed.\n", 20)   = 20
exit_group(0)                           = ?
+++ exited with 0 +++
